<?xml version="1.0" encoding="UTF-8"?>
<!-- Generated by org.testng.reporters.JUnitReportReporter -->
<testsuite skipped="0" hostname="LokeshDevaRaj" name="DRTTest.LoginTest" tests="2" failures="0" timestamp="26 Mar 2019 14:36:00 GMT" time="19.204" errors="0">
  <testcase name="TestTitle" time="9.928" classname="DRTTest.LoginTest"/>
  <testcase name="EnterUserDetails" time="9.276" classname="DRTTest.LoginTest"/>
</testsuite> <!-- DRTTest.LoginTest -->
